This is e-pTeX, Version 3.14159265-p3.7-160201-2.6 (utf8.euc) (TeX Live 2016) (preloaded format=platex 2016.8.2)  3 AUG 2016 00:26
entering extended mode
 restricted \write18 enabled.
 %&-line parsing enabled.
**sig-alternate-sample.tex
(./sig-alternate-sample.tex
pLaTeX2e <2016/05/07> (based on LaTeX2e <2016/03/31>)
Babel <3.9r> and hyphenation patterns for 83 language(s) loaded.
(./sig-alternate-05-2015.cls
(/usr/local/texlive/2016/texmf-dist/tex/latex/graphics/epsfig.sty
Package: epsfig 1999/02/16 v1.7a (e)psfig emulation (SPQR)

(/usr/local/texlive/2016/texmf-dist/tex/latex/graphics/graphicx.sty
Package: graphicx 2014/10/28 v1.0g Enhanced LaTeX Graphics (DPC,SPQR)

(/usr/local/texlive/2016/texmf-dist/tex/latex/graphics/keyval.sty
Package: keyval 2014/10/28 v1.15 key=value parser (DPC)
\KV@toks@=\toks15
)
(/usr/local/texlive/2016/texmf-dist/tex/latex/graphics/graphics.sty
Package: graphics 2016/05/09 v1.0r Standard LaTeX Graphics (DPC,SPQR)

(/usr/local/texlive/2016/texmf-dist/tex/latex/graphics/trig.sty
Package: trig 2016/01/03 v1.10 sin cos tan (DPC)
)
(/usr/local/texlive/2016/texmf-dist/tex/latex/graphics-cfg/graphics.cfg
File: graphics.cfg 2016/01/02 v1.10 sample graphics configuration
)
Package graphics Info: Driver file: dvips.def on input line 96.

(/usr/local/texlive/2016/texmf-dist/tex/latex/graphics/dvips.def
File: dvips.def 2015/12/30 v3.0k Driver-dependent file (DPC,SPQR)
))
\Gin@req@height=\dimen118
\Gin@req@width=\dimen119
)
\epsfxsize=\dimen120
\epsfysize=\dimen121
)
(/usr/local/texlive/2016/texmf-dist/tex/latex/amsfonts/amssymb.sty
Package: amssymb 2013/01/14 v3.01 AMS font symbols

(/usr/local/texlive/2016/texmf-dist/tex/latex/amsfonts/amsfonts.sty
Package: amsfonts 2013/01/14 v3.01 Basic AMSFonts support
\@emptytoks=\toks16
\symAMSa=\mathgroup4
\symAMSb=\mathgroup5
LaTeX Font Info:    Overwriting math alphabet `\mathfrak' in version `bold'
(Font)                  U/euf/m/n --> U/euf/b/n on input line 106.
))
(/usr/local/texlive/2016/texmf-dist/tex/latex/amsmath/amsmath.sty
Package: amsmath 2016/03/10 v2.15b AMS math features
\@mathmargin=\skip41

For additional information on amsmath, use the `?' option.
(/usr/local/texlive/2016/texmf-dist/tex/latex/amsmath/amstext.sty
Package: amstext 2000/06/29 v2.01 AMS text

(/usr/local/texlive/2016/texmf-dist/tex/latex/amsmath/amsgen.sty
File: amsgen.sty 1999/11/30 v2.0 generic functions
\@emptytoks=\toks17
\ex@=\dimen122
))
(/usr/local/texlive/2016/texmf-dist/tex/latex/amsmath/amsbsy.sty
Package: amsbsy 1999/11/29 v1.2d Bold Symbols
\pmbraise@=\dimen123
)
(/usr/local/texlive/2016/texmf-dist/tex/latex/amsmath/amsopn.sty
Package: amsopn 2016/03/08 v2.02 operator names
)
\inf@bad=\count81
LaTeX Info: Redefining \frac on input line 199.
\uproot@=\count82
\leftroot@=\count83
LaTeX Info: Redefining \overline on input line 297.
\classnum@=\count84
\DOTSCASE@=\count85
LaTeX Info: Redefining \ldots on input line 394.
LaTeX Info: Redefining \dots on input line 397.
LaTeX Info: Redefining \cdots on input line 518.
\Mathstrutbox@=\box41
\strutbox@=\box42
\big@size=\dimen124
LaTeX Font Info:    Redeclaring font encoding OML on input line 634.
LaTeX Font Info:    Redeclaring font encoding OMS on input line 635.
\macc@depth=\count86
\c@MaxMatrixCols=\count87
\dotsspace@=\muskip10
\c@parentequation=\count88
\dspbrk@lvl=\count89
\tag@help=\toks18
\row@=\count90
\column@=\count91
\maxfields@=\count92
\andhelp@=\toks19
\eqnshift@=\dimen125
\alignsep@=\dimen126
\tagshift@=\dimen127
\tagwidth@=\dimen128
\totwidth@=\dimen129
\lineht@=\dimen130
\@envbody=\toks20
\multlinegap=\skip42
\multlinetaggap=\skip43
\mathdisplay@stack=\toks21
LaTeX Info: Redefining \[ on input line 2739.
LaTeX Info: Redefining \] on input line 2740.
)
Document Class 'sig-alternate' <9th June '13>. Modified by G.K.M. Tobin/Gerry M
urray/Boris Veytsman
Based in part upon document Style `acmconf' <22 May 89>. Hacked 4/91 by
shivers@cs.cmu.edu, 4/93 by theobald@cs.mcgill.ca
Excerpts were taken from (Journal Style) 'esub2acm.cls'.
****** Bugs/comments/suggestions/technicalities to Gerry Murray -- murray@hq.ac
m.org ******
Questions on the style, SIGS policies, etc. to Adrienne Griscti griscti@acm.org

\ACM@basesize=\count93
(/usr/local/texlive/2016/texmf-dist/tex/latex/comment/comment.sty
\CommentStream=\write3

Excluding comment 'comment') Excluding comment 'CCSXML'
\footheight=\dimen131
\@maxsep=\dimen132
\@dblmaxsep=\dimen133

(/usr/local/texlive/2016/texmf-dist/tex/generic/oberdiek/ifpdf.sty
Package: ifpdf 2016/05/14 v3.1 Provides the ifpdf switch
)
\aucount=\count94
\originalaucount=\count95
\auwidth=\dimen134
\auskip=\dimen135
\auskipcount=\count96
\auskip=\dimen136
\allauboxes=\dimen137
\addauthors=\toks22
\addauflag=\count97
\subtitletext=\toks23
\savesection=\count98
\sectioncntr=\count99
\c@figure=\count100
\c@table=\count101
\titleboxnotes=\toks24
\titleboxnoteflag=\count102


LaTeX Warning: You have requested document class `sig-alternate-05-2015',
               but the document class provides `sig-alternate'.

Document Class: sig-alternate 2013/05/12 v2.7 based on acmproc.cls V1.3 <Nov. 3
0 '99>
(/usr/local/texlive/2016/texmf-dist/tex/latex/base/latexsym.sty
Package: latexsym 1998/08/17 v2.2e Standard LaTeX package (lasy symbols)
\symlasy=\mathgroup6
LaTeX Font Info:    Overwriting symbol font `lasy' in version `bold'
(Font)                  U/lasy/m/n --> U/lasy/b/n on input line 52.
)
\@acmtitlebox=\box43
\titlenotecount=\count103
\tntoks=\toks25
\tntokstwo=\toks26
\tntoksthree=\toks27
\tntoksfour=\toks28
\tntoksfive=\toks29
\catcount=\count104
\copyrightnotice=\toks30
\conf=\toks31
\confinfo=\toks32
\c@part=\count105
\c@section=\count106
\c@subsection=\count107
\c@subsubsection=\count108
\c@paragraph=\count109

Using 'Abbrev' bibliography style
LaTeX Info: Redefining \cite on input line 1408.
\bibindent=\dimen138
\colcntr=\count110
\saveb@x=\box44
\copyrtyr=\toks33
\acmcopyr=\toks34
\boilerplate=\toks35
(/usr/local/texlive/2016/texmf-dist/tex/latex/url/url.sty
\Urlmuskip=\muskip11
Package: url 2013/09/16  ver 3.4  Verb mode for urls, etc.
) (./acmcopyright.sty
Package: acmcopyright 2014/06/29 v1.2 Copyright statemens for ACM classes

(/usr/local/texlive/2016/texmf-dist/tex/latex/xkeyval/xkeyval.sty
Package: xkeyval 2014/12/03 v2.7a package option processing (HA)

(/usr/local/texlive/2016/texmf-dist/tex/generic/xkeyval/xkeyval.tex
(/usr/local/texlive/2016/texmf-dist/tex/generic/xkeyval/xkvutils.tex
\XKV@toks=\toks36
\XKV@tempa@toks=\toks37
)
\XKV@depth=\count111
File: xkeyval.tex 2014/12/03 v2.7a key=value parser (HA)
)))
\copyrightetc=\toks38

(I search kanjifont definition file: . . ) (I search font definition file: . .
. . . . . ) (/usr/local/texlive/2016/texmf-dist/tex/latex/base/fontenc.sty
Package: fontenc 2005/09/27 v1.99g Standard LaTeX package

(/usr/local/texlive/2016/texmf-dist/tex/latex/base/t1enc.def
File: t1enc.def 2005/09/27 v1.99g Standard LaTeX file
LaTeX Font Info:    Redeclaring font encoding T1 on input line 48.
)
LaTeX Font Info:    Try loading font information for T1+aer on input line 105.

(/usr/local/texlive/2016/texmf-dist/tex/latex/ae/t1aer.fd
File: t1aer.fd 1997/11/16 Font definitions for T1/aer.
)))
(./sig-alternate-sample.aux)
\openout1 = `sig-alternate-sample.aux'.

LaTeX Font Info:    Checking defaults for OML/cmm/m/it on input line 51.
LaTeX Font Info:    ... okay on input line 51.
LaTeX Font Info:    Checking defaults for T1/cmr/m/n on input line 51.
LaTeX Font Info:    ... okay on input line 51.
LaTeX Font Info:    Checking defaults for OT1/cmr/m/n on input line 51.
LaTeX Font Info:    ... okay on input line 51.
LaTeX Font Info:    Checking defaults for OMS/cmsy/m/n on input line 51.
LaTeX Font Info:    ... okay on input line 51.
LaTeX Font Info:    Checking defaults for OMX/cmex/m/n on input line 51.
LaTeX Font Info:    ... okay on input line 51.
LaTeX Font Info:    Checking defaults for U/cmr/m/n on input line 51.
LaTeX Font Info:    ... okay on input line 51.
LaTeX Font Info:    Checking defaults for JY1/mc/m/n on input line 51.
LaTeX Font Info:    ... okay on input line 51.
LaTeX Font Info:    Checking defaults for JT1/mc/m/n on input line 51.
LaTeX Font Info:    ... okay on input line 51.
LaTeX Font Info:    Try loading font information for U+msa on input line 184.

(/usr/local/texlive/2016/texmf-dist/tex/latex/amsfonts/umsa.fd
File: umsa.fd 2013/01/14 v3.01 AMS symbols A
)
LaTeX Font Info:    Try loading font information for U+msb on input line 184.

(/usr/local/texlive/2016/texmf-dist/tex/latex/amsfonts/umsb.fd
File: umsb.fd 2013/01/14 v3.01 AMS symbols B
)
LaTeX Font Info:    Try loading font information for U+lasy on input line 184.

(/usr/local/texlive/2016/texmf-dist/tex/latex/base/ulasy.fd
File: ulasy.fd 1998/08/17 v2.2e LaTeX symbol font definitions
)
Overfull \hbox (10.71048pt too wide) in paragraph at lines 184--184
 []\eaddfnt lleipuner@researchlabs.org| 
 []

(I search kanjifont definition file: . . ) (I search font definition file: . .
. . . . . )
LaTeX Font Info:    Try loading font information for T1+ptm on input line 184.
 (/usr/local/texlive/2016/texmf-dist/tex/latex/psnfss/t1ptm.fd
File: t1ptm.fd 2001/06/04 font definitions for T1/ptm.
)
LaTeX Font Info:    Try loading font information for OMS+ptm on input line 184.


(/usr/local/texlive/2016/texmf-dist/tex/latex/psnfss/omsptm.fd
File: omsptm.fd 
)
LaTeX Font Info:    Font shape `OMS/ptm/m/n' in size <7> not available
(Font)              Font shape `OMS/cmsy/m/n' tried instead on input line 184.


LaTeX Font Warning: Font shape `JT1/mc/m/it' undefined
(Font)              using `JT1/mc/m/n' instead on input line 185.


LaTeX Font Warning: Font shape `JY1/mc/m/it' undefined
(Font)              using `JY1/mc/m/n' instead on input line 185.

(I search kanjifont definition file: . . ) (I search font definition file: . .
. . . . . )
LaTeX Font Info:    Try loading font information for T1+aett on input line 185.

 (/usr/local/texlive/2016/texmf-dist/tex/latex/ae/t1aett.fd
File: t1aett.fd 1997/11/16 Font definitions for T1/aett.
)

LaTeX Font Warning: Font shape `JT1/gt/m/it' undefined
(Font)              using `JT1/gt/m/n' instead on input line 188.


LaTeX Font Warning: Font shape `JY1/gt/m/it' undefined
(Font)              using `JY1/gt/m/n' instead on input line 188.


Overfull \hbox (1.0793pt too wide) in paragraph at lines 186--195
\T1/aer/m/it/9 Prepar-ing ACM SIG Pro-ceed-ings Us-ing L[]T[]X$\OT1/cmr/m/n/9 2
[]$ \T1/aer/m/it/9 and BibT[]X\T1/aer/m/n/9 .
 []

Excluding 'CCSXML' comment.
LaTeX Font Info:    Try loading font information for OMS+aer on input line 254.


(/usr/local/texlive/2016/texmf-dist/tex/latex/ae/omsaer.fd
File: omsaer.fd 1999/12/27
)
LaTeX Font Info:    Font shape `OMS/aer/m/n' in size <9> not available
(Font)              Font shape `OMS/cmsy/m/n' tried instead on input line 254.
LaTeX Font Info:    Font shape `JT1/mc/bx/n' in size <9> not available
(Font)              Font shape `JT1/gt/m/n' tried instead on input line 254.
LaTeX Font Info:    Font shape `JY1/mc/bx/n' in size <9> not available
(Font)              Font shape `JY1/gt/m/n' tried instead on input line 254.

Underfull \hbox (badness 1360) in paragraph at lines 279--279
[][]\T1/aer/m/n/9 Two of these, the \T1/aett/m/n/9 \num-bero-fau-thors \T1/aer/
m/n/9 and \T1/aett/m/n/9 \alig-nau-
 []

[1


]

LaTeX Warning: Citation `Lamport:LaTeX' on page \thepage  undefined on input li
ne 335.


LaTeX Warning: Citation `Lamport:LaTeX' on page \thepage  undefined on input li
ne 350.


LaTeX Warning: Citation `bowman:reasoning' on page \thepage  undefined on input
 line 377.


LaTeX Warning: Citation `clark:pct' on page \thepage  undefined on input line 3
77.


LaTeX Warning: Citation `braams:babel' on page \thepage  undefined on input lin
e 377.


LaTeX Warning: Citation `herlihy:methodology' on page \thepage  undefined on in
put line 377.


LaTeX Warning: Citation `clark:pct' on page \thepage  undefined on input line 3
78.


LaTeX Warning: Citation `salas:calculus' on page \thepage  undefined on input l
ine 379.


LaTeX Warning: Citation `Lamport:LaTeX' on page \thepage  undefined on input li
ne 379.


LaTeX Warning: Citation `Lamport:LaTeX' on page \thepage  undefined on input li
ne 385.


LaTeX Warning: Citation `Lamport:LaTeX' on page \thepage  undefined on input li
ne 396.

[2]
File: fly.eps Graphic file (type eps)
 <fly.eps>
File: fly.eps Graphic file (type eps)
 <fly.eps>

LaTeX Font Warning: Font shape `T1/aett/bx/n' undefined
(Font)              using `T1/aett/m/n' instead on input line 481.

File: flies.eps Graphic file (type eps)
<flies.eps>
File: rosette.eps Graphic file (type eps)
 <rosette.eps>
\c@theorem=\count112


LaTeX Font Warning: Font shape `JT1/mc/m/sc' undefined
(Font)              using `JT1/mc/m/n' instead on input line 522.


LaTeX Font Warning: Font shape `JY1/mc/m/sc' undefined
(Font)              using `JY1/mc/m/n' instead on input line 522.

\c@definition=\count113

Overfull \hbox (15.60826pt too wide) detected at line 558
\OML/cmm/m/it/9 l \OT1/cmr/m/n/9 = [] \OML/cmm/m/it/9 f\OT1/cmr/m/n/9 (\OML/cmm
/m/it/9 x\OT1/cmr/m/n/9 ) = [] [] = [] \OML/cmm/m/it/9 g\OT1/cmr/m/n/9 (\OML/cm
m/m/it/9 x\OT1/cmr/m/n/9 ) \OMS/cmsy/m/n/9 ^^A [] [] \OT1/cmr/m/n/9 = 0 \OMS/cm
sy/m/n/9 ^^A \OML/cmm/m/it/9 L \OT1/cmr/m/n/9 = 0\OML/cmm/m/it/9 ;
 []


LaTeX Warning: Citation `salas:calculus' on page \thepage  undefined on input l
ine 568.

No file sig-alternate-sample.bbl.
[3] [4] (./sig-alternate-sample.aux)

LaTeX Font Warning: Some font shapes were not available, defaults substituted.

 ) 
Here is how much of TeX's memory you used:
 2376 strings out of 493693
 28214 string characters out of 6149788
 106734 words of memory out of 5000000
 5847 multiletter control sequences out of 15000+600000
 55600 words of font info for 89 fonts, out of 8000000 for 9000
 929 hyphenation exceptions out of 8191
 39i,12n,34p,238b,600s stack positions out of 5000i,500n,10000p,200000b,80000s

Output written on sig-alternate-sample.dvi (4 pages, 28676 bytes).
